Arguments: 
  /usr/local/bin/node /usr/local/bin/yarnpkg install

PATH: 
  /opt/homebrew/bin:/usr/local/bin:/usr/bin:/bin:/usr/sbin:/sbin:/Library/Apple/usr/bin

Yarn version: 
  1.22.10

Node version: 
  14.17.3

Platform: 
  darwin x64

Trace: 
  Error: connect EHOSTUNREACH 104.16.27.35:443 - Local (192.168.43.72:54837)
      at internalConnect (net.js:923:16)
      at defaultTriggerAsyncIdScope (internal/async_hooks.js:435:18)
      at emitLookup (net.js:1066:9)
      at /usr/local/lib/node_modules/yarn/lib/cli.js:107131:28
      at /usr/local/lib/node_modules/yarn/lib/cli.js:107040:13
      at RawTask.module.exports.RawTask.call (/usr/local/lib/node_modules/yarn/lib/cli.js:83614:19)
      at flush (/usr/local/lib/node_modules/yarn/lib/cli.js:83696:29)
      at processTicksAndRejections (internal/process/task_queues.js:77:11)
      at runNextTicks (internal/process/task_queues.js:64:3)
      at processImmediate (internal/timers.js:437:9)

npm manifest: 
  {
    "main": "node_modules/expo/AppEntry.js",
    "scripts": {
      "start": "expo start",
      "android": "expo start --android",
      "ios": "expo start --ios",
      "web": "expo start --web",
      "eject": "expo eject"
    },
    "dependencies": {
      "expo": "~42.0.1",
      "expo-status-bar": "~1.0.4",
      "react": "16.13.1",
      "react-dom": "16.13.1",
      "react-native": "https://github.com/expo/react-native/archive/sdk-42.0.0.tar.gz",
      "react-native-web": "~0.13.12"
    },
    "devDependencies": {
      "@babel/core": "^7.9.0"
    },
    "private": true
  }

yarn manifest: 
  No manifest

Lockfile: 
  No lockfile
